\BOOKMARK [-1][]{ctitle.-1}{\376\377\215\212\123\127\232\330\173\111\145\131\200\262\131\026\220\350\215\050\221\317\117\335\213\301\117\123\174\373\170\024\172\166}{}% 1
\BOOKMARK [0][]{section*.2}{\376\377\144\130\000\040\211\201}{ctitle.-1}% 2
\BOOKMARK [0][]{section*.4}{\376\377\000A\000B\000S\000T\000R\000A\000C\000T}{ctitle.-1}% 3
\BOOKMARK [0][]{bnuchapter.1.0}{\376\377\166\356\000\040\137\125}{ctitle.-1}% 4
\BOOKMARK [0][]{section*.8}{\376\377\143\322\126\376\175\042\137\025}{ctitle.-1}% 5
\BOOKMARK [0][]{section*.10}{\376\377\210\150\150\074\175\042\137\025}{ctitle.-1}% 6
\BOOKMARK [0][]{chapter.1}{\376\377\173\054\000\040\0001\000\040\172\340\000\040\000\040\137\025\212\000}{ctitle.-1}% 7
\BOOKMARK [1][-]{section.1.1}{\376\377\0001\000.\0001\000\040\170\024\172\166\200\314\146\157\116\016\220\011\230\230\164\006\165\061}{chapter.1}% 8
\BOOKMARK [2][-]{subsection.1.1.1}{\376\377\0001\000.\0001\000.\0001\000\040\121\150\164\003\200\314\146\157\377\032\215\050\221\317\117\335\226\234\142\020\116\072\137\305\161\066\215\213\122\277}{section.1.1}% 9
\BOOKMARK [2][-]{subsection.1.1.2}{\376\377\0001\000.\0001\000.\0002\000\040\123\072\127\337\200\314\146\157\377\032\116\034\166\337\121\161\124\014\117\123\121\205\166\204\215\050\221\317\123\117\214\003\123\026}{section.1.1}% 10
\BOOKMARK [2][-]{subsection.1.1.3}{\376\377\0001\000.\0001\000.\0003\000\040\0002\0000\0001\0005\000-\0002\0000\0002\0004\136\164\226\066\153\265\215\212\123\127\232\330\173\111\145\131\200\262\123\321\134\125\200\314\146\157\377\032\163\260\162\266\122\006\147\220}{section.1.1}% 11
\BOOKMARK [3][-]{subsubsection.1.1.3.1}{\376\377\0001\000.\0001\000.\0003\000.\0001\000\040\174\373\176\337\211\304\152\041\116\016\176\323\147\204\166\204\123\321\134\125}{subsection.1.1.3}% 12
\BOOKMARK [3][-]{subsubsection.1.1.3.2}{\376\377\0001\000.\0001\000.\0003\000.\0002\000\040\142\333\165\037\135\345\117\134\163\260\162\266\116\016\116\023\116\032\220\011\142\351\215\213\122\277\122\006\147\220}{subsection.1.1.3}% 13
\BOOKMARK [3][-]{subsubsection.1.1.3.3}{\376\377\0001\000.\0001\000.\0003\000.\0003\000\040\215\104\156\220\122\006\147\220\377\032\136\010\215\104\226\037\117\015\116\016\162\151\215\050\213\276\145\275}{subsection.1.1.3}% 14
\BOOKMARK [3][-]{subsubsection.1.1.3.4}{\376\377\0001\000.\0001\000.\0003\000.\0004\000\040\116\247\121\372\122\006\147\220\377\032\153\325\116\032\116\016\134\061\116\032}{subsection.1.1.3}% 15
\BOOKMARK [3][-]{subsubsection.1.1.3.5}{\376\377\0001\000.\0001\000.\0003\000.\0005\000\040\121\163\116\216\163\260\162\266\166\204\122\035\153\145\176\323\213\272}{subsection.1.1.3}% 16
\BOOKMARK [1][-]{section.1.2}{\376\377\0001\000.\0002\000\040\170\024\172\166\163\260\162\266\116\016\170\024\172\166\225\356\230\230\176\374\217\360}{chapter.1}% 17
\BOOKMARK [2][-]{subsection.1.2.1}{\376\377\0001\000.\0002\000.\0001\000\040\170\024\172\166\200\314\146\157\116\016\170\024\172\166\225\356\230\230\116\313\176\315}{section.1.2}% 18
\BOOKMARK [2][-]{subsection.1.2.2}{\376\377\0001\000.\0002\000.\0002\000\040\121\163\116\216\215\050\221\317\117\335\226\234\152\041\127\213\116\016\164\006\213\272\166\204\126\375\226\105\170\024\172\166\176\374\217\360}{section.1.2}% 19
\BOOKMARK [0][]{section*.16}{\376\377\123\302\200\003\145\207\163\056}{ctitle.-1}% 20
